              :                                                               
          .CL:CC CC             _Q     _Q  _Q_Q    _Q    _Q              _Q   
        CC;CCCCCCCC:C;         /_\)   /_\)/_/\\)  /_\)  /_\)            /_\)  
        CCCCCCCCCCCCCl       __O|/O___O|/O_OO|/O__O|/O__O|/O____________O|/O__
     CCCCCCf     iCCCLCC     /////////////////////////////////////////////////
     iCCCt  ;;;;;.  CCCC                                                      
    CCCC  ;;;;;;;;;. CClL.                          c                         
   CCCC ,;;       ;;: CCCC  ;                   : CCCCi                       
    CCC ;;         ;;  CC   ;;:                CCC`   `C;                     
  lCCC ;;              CCCC  ;;;:             :CC .;;. C;   ;    :   ;  :;;   
  CCCC ;.              CCCC    ;;;,           CC ;    ; Ci  ;    :   ;  :  ;  
   iCC :;               CC       ;;;,        ;C ;       CC  ;    :   ; .      
  CCCi ;;               CCC        ;;;.      .C ;       tf  ;    :   ;  ;.    
  CCC  ;;               CCC          ;;;;;;; fC :       lC  ;    :   ;    ;:  
   iCf ;;               CC         :;;:      tC ;       CC  ;    :   ;     ;  
  fCCC :;              LCCf      ;;;:         LC :.  ,: C   ;    ;   ; ;   ;  
  CCCC  ;;             CCCC    ;;;:           CCi `;;` CC.  ;;;; :;.;.  ; ,;  
    CCl ;;             CC    ;;;;              CCC    CCL                     
   tCCC  ;;        ;; CCCL  ;;;                  tCCCCC.                      
    CCCC  ;;     :;; CCCCf  ;                     ,L                          
     lCCC   ;;;;;;  CCCL                                                      
     CCCCCC  :;;  fCCCCC                                                      
      . CCCC     CCCC .                                                       
       .CCCCCCCCCCCCCi                                                        
          iCCCCCLCf                                                           
           .  C. ,                                                            
              :                                                               
<grammar xmlns="http://relaxng.org/ns/structure/1.0"
datatypeLibrary="http://www.w3.org/2001/XMLSchema-datatypes">
<start>

<element name="simulation">
  <optional><element name="schematype"><text/></element></optional>
<interleave>

  <optional><element name="ui"><text/></element></optional>
  
  <element name ="control">
    <interleave>
      <optional>
        <element name="simhandle"> <data type="string"/> </element>
      </optional>
      <element name="duration"> <data type="nonNegativeInteger"/> </element>
      <element name="startmonth"> <data type="nonNegativeInteger"/> </element>
      <element name="startyear"> <data type="nonNegativeInteger"/> </element>
      <optional>
        <element name="decay"> <text/> </element>
      </optional>
      <optional> 
        <element name="dt"><data type="nonNegativeInteger"/></element> 
      </optional>
      <optional>
        <element name="explicit_inventory"> <data type="boolean"/> </element>
      </optional>
      <optional>
        <element name="explicit_inventory_compact"> <data type="boolean"/> </element>
      </optional>
      <optional>
          <element name="tolerance_generic"><data type="double"/></element>
      </optional>
      <optional>
          <element name="tolerance_resource"><data type="double"/></element>
      </optional>
      <optional>
        <element name="solver"> 
          <interleave>
            <optional><element name="config">
            <choice>
              <element name="greedy">
                <interleave>
                  <optional>
                    <element name="preconditioner"> <text/> </element>
                  </optional>
                </interleave>
              </element>
              <element name="coin-or">
                <interleave>
                  <optional>
                    <element name="timeout">  <data type="positiveInteger"/>  </element>
                  </optional>
                  <optional><element name="verbose"><data type="boolean"/></element></optional>
                  <optional><element name="mps"><data type="boolean"/></element></optional>
                </interleave>
              </element>
            </choice>
            </element></optional>
            <optional>
              <element name="allow_exclusive_orders">
                <data type="boolean" />
              </element>
            </optional>
            <optional><!--deprecated. @TODO remove in release 1.5 -->
              <element name="exclusive_orders_only">
                <data type="boolean" />
              </element>
            </optional>
          </interleave>
        </element>
      </optional>
    </interleave>
  </element>

  <zeroOrMore>
    <element name="commodity">
      <interleave>
        <element name="name"> <text/> </element>
        <element name="solution_priority"> <data type="double"/> </element>
      </interleave>
    </element>
  </zeroOrMore>
    
  <element name="archetypes"> 
    <oneOrMore>
      <element name="spec">
        <interleave>
          <optional><element name="path"><text/></element></optional>
          <optional><element name="lib"><text/></element></optional>
          <element name="name"><text/></element>
          <optional><element name="alias"><text/></element></optional>
        </interleave>
      </element>
    </oneOrMore>
  </element>

  <oneOrMore>
    <element name="facility">
      <interleave>
        <element name="name"> <text/> </element>
        <optional>
          <element name="lifetime"> <data type="nonNegativeInteger"/> </element>
        </optional>

        <element name="config">
          <choice>
          <element name="Enrichment">
<interleave>
    <element name="feed_commod">
        <data type="string"/>
    </element>
    <element name="feed_recipe">
        <data type="string"/>
    </element>
    <element name="product_commod">
        <data type="string"/>
    </element>
    <element name="tails_commod">
        <data type="string"/>
    </element>
    <optional>
        <element name="tails_assay">
            <data type="double"/>
        </element>
    </optional>
    <optional>
        <element name="initial_feed">
            <data type="double"/>
        </element>
    </optional>
    <optional>
        <element name="max_feed_inventory">
            <data type="double"/>
        </element>
    </optional>
    <optional>
        <element name="max_enrich">
            <data type="double">
                <param name="minInclusive">0</param>
                <param name="maxInclusive">1</param>
            </data>
        </element>
    </optional>
    <optional>
        <element name="order_prefs">
            <data type="boolean"/>
        </element>
    </optional>
    <optional>
        <element name="swu_capacity">
            <data type="double"/>
        </element>
    </optional>
    <optional>
        <element name="latitude">
            <data type="double"/>
        </element>
    </optional>
    <optional>
        <element name="longitude">
            <data type="double"/>
        </element>
    </optional>
</interleave>

</element>
<element name="Reactor">
<interleave>
    <element name="fuel_incommods">
        <oneOrMore>
            <element name="val">
                <data type="string"/>
            </element>
        </oneOrMore>
    </element>
    <element name="fuel_inrecipes">
        <oneOrMore>
            <element name="val">
                <data type="string"/>
            </element>
        </oneOrMore>
    </element>
    <optional>
        <element name="fuel_prefs">
            <oneOrMore>
                <element name="val">
                    <data type="double"/>
                </element>
            </oneOrMore>
        </element>
    </optional>
    <element name="fuel_outcommods">
        <oneOrMore>
            <element name="val">
                <data type="string"/>
            </element>
        </oneOrMore>
    </element>
    <element name="fuel_outrecipes">
        <oneOrMore>
            <element name="val">
                <data type="string"/>
            </element>
        </oneOrMore>
    </element>
    <optional>
        <element name="recipe_change_times">
            <oneOrMore>
                <element name="val">
                    <data type="int"/>
                </element>
            </oneOrMore>
        </element>
    </optional>
    <optional>
        <element name="recipe_change_commods">
            <oneOrMore>
                <element name="val">
                    <data type="string"/>
                </element>
            </oneOrMore>
        </element>
    </optional>
    <optional>
        <element name="recipe_change_in">
            <oneOrMore>
                <element name="val">
                    <data type="string"/>
                </element>
            </oneOrMore>
        </element>
    </optional>
    <optional>
        <element name="recipe_change_out">
            <oneOrMore>
                <element name="val">
                    <data type="string"/>
                </element>
            </oneOrMore>
        </element>
    </optional>
    <element name="assem_size">
        <data type="double"/>
    </element>
    <element name="n_assem_batch">
        <data type="int"/>
    </element>
    <optional>
        <element name="n_assem_core">
            <data type="int"/>
        </element>
    </optional>
    <optional>
        <element name="n_assem_fresh">
            <data type="int"/>
        </element>
    </optional>
    <optional>
        <element name="n_assem_spent">
            <data type="int"/>
        </element>
    </optional>
    <optional>
        <element name="cycle_time">
            <data type="int"/>
        </element>
    </optional>
    <optional>
        <element name="refuel_time">
            <data type="int"/>
        </element>
    </optional>
    <optional>
        <element name="cycle_step">
            <data type="int"/>
        </element>
    </optional>
    <optional>
        <element name="power_cap">
            <data type="double"/>
        </element>
    </optional>
    <optional>
        <element name="power_name">
            <data type="string"/>
        </element>
    </optional>
    <optional>
        <element name="side_products">
            <oneOrMore>
                <element name="val">
                    <data type="string"/>
                </element>
            </oneOrMore>
        </element>
    </optional>
    <optional>
        <element name="side_product_quantity">
            <oneOrMore>
                <element name="val">
                    <data type="double"/>
                </element>
            </oneOrMore>
        </element>
    </optional>
    <optional>
        <element name="decom_transmute_all">
            <data type="boolean"/>
        </element>
    </optional>
    <optional>
        <element name="pref_change_times">
            <oneOrMore>
                <element name="val">
                    <data type="int"/>
                </element>
            </oneOrMore>
        </element>
    </optional>
    <optional>
        <element name="pref_change_commods">
            <oneOrMore>
                <element name="val">
                    <data type="string"/>
                </element>
            </oneOrMore>
        </element>
    </optional>
    <optional>
        <element name="pref_change_values">
            <oneOrMore>
                <element name="val">
                    <data type="double"/>
                </element>
            </oneOrMore>
        </element>
    </optional>
    <optional>
        <element name="latitude">
            <data type="double"/>
        </element>
    </optional>
    <optional>
        <element name="longitude">
            <data type="double"/>
        </element>
    </optional>
</interleave>

</element>
<element name="Source">
<interleave>
    <element name="outcommod">
        <data type="string"/>
    </element>
    <optional>
        <element name="outrecipe">
            <data type="string"/>
        </element>
    </optional>
    <optional>
        <element name="inventory_size">
            <data type="double"/>
        </element>
    </optional>
    <optional>
        <element name="throughput">
            <data type="double"/>
        </element>
    </optional>
    <optional>
        <element name="latitude">
            <data type="double"/>
        </element>
    </optional>
    <optional>
        <element name="longitude">
            <data type="double"/>
        </element>
    </optional>
</interleave>

</element>
<element name="Sink">
<interleave>
    <element name="in_commods">
        <oneOrMore>
            <element name="val">
                <data type="string"/>
            </element>
        </oneOrMore>
    </element>
    <optional>
        <element name="in_commod_prefs">
            <oneOrMore>
                <element name="val">
                    <data type="double"/>
                </element>
            </oneOrMore>
        </element>
    </optional>
    <optional>
        <element name="recipe_name">
            <data type="string"/>
        </element>
    </optional>
    <optional>
        <element name="max_inv_size">
            <data type="double"/>
        </element>
    </optional>
    <optional>
        <element name="capacity">
            <data type="double"/>
        </element>
    </optional>
    <optional>
        <element name="latitude">
            <data type="double"/>
        </element>
    </optional>
    <optional>
        <element name="longitude">
            <data type="double"/>
        </element>
    </optional>
</interleave>

</element>
<element name="Separations">
<interleave>
    <element name="feed_commods">
        <oneOrMore>
            <element name="val">
                <data type="string"/>
            </element>
        </oneOrMore>
    </element>
    <optional>
        <element name="feed_commod_prefs">
            <oneOrMore>
                <element name="val">
                    <data type="double"/>
                </element>
            </oneOrMore>
        </element>
    </optional>
    <optional>
        <element name="feed_recipe">
            <data type="string"/>
        </element>
    </optional>
    <element name="feedbuf_size">
        <data type="double"/>
    </element>
    <optional>
        <element name="throughput">
            <data type="double"/>
        </element>
    </optional>
    <optional>
        <element name="leftover_commod">
            <data type="string"/>
        </element>
    </optional>
    <optional>
        <element name="leftoverbuf_size">
            <data type="double"/>
        </element>
    </optional>
    <element name="streams">
        <oneOrMore>
            <element name="item">
                <interleave>
                    <element name="commod">
                        <data type="string"/>
                    </element>
                    <element name="info">
                        <interleave>
                            <element name="buf_size">
                                <data type="double"/>
                            </element>
                            <element name="efficiencies">
                                <oneOrMore>
                                    <element name="item">
                                        <interleave>
                                            <element name="comp">
                                                <data type="string"/>
                                            </element>
                                            <element name="eff">
                                                <data type="double"/>
                                            </element>
                                        </interleave>
                                    </element>
                                </oneOrMore>
                            </element>
                        </interleave>
                    </element>
                </interleave>
            </element>
        </oneOrMore>
    </element>
    <optional>
        <element name="latitude">
            <data type="double"/>
        </element>
    </optional>
    <optional>
        <element name="longitude">
            <data type="double"/>
        </element>
    </optional>
</interleave>

</element>

          </choice>
        </element>
      </interleave>
    </element>
  </oneOrMore>

  <oneOrMore>
    <element name="region"> <interleave>
      <element name="name"> <text/> </element>
      <optional>
        <element name="lifetime"> <data type="nonNegativeInteger"/> </element>
      </optional>

      <element name="config">
        <choice>
        <element name="NullRegion">
<text/>

</element>

        </choice>
      </element>

      <oneOrMore>
        <element name="institution"> <interleave>
          <element name="name"> <text/> </element>
          <optional>
            <element name="lifetime"> <data type="nonNegativeInteger"/> </element>
          </optional>

          <optional>
            <element name="initialfacilitylist">
              <oneOrMore>
                <element name="entry">
                  <interleave>
                    <element name="prototype"> <text/> </element>
                    <element name="number"> <data type="nonNegativeInteger"/> </element>
                  </interleave>
                </element>
              </oneOrMore>
            </element>
          </optional>

          <element name="config">
            <choice>
            <element name="NullInst">
<text/>

</element>

            </choice>
          </element>
        </interleave> </element>
      </oneOrMore>

    </interleave> </element>
  </oneOrMore>

  <zeroOrMore>
    <element name="recipe">
      <interleave>
        <element name="name"><text/></element>
        <element name="basis"><text/></element>
        <oneOrMore>
          <element name="nuclide">
            <interleave>
              <element name="id"><data type="string"/></element>
              <element name="comp"><data type="double"/></element>
            </interleave>
          </element>
        </oneOrMore>
      </interleave>
    </element>
  </zeroOrMore>

</interleave> </element>

</start>

</grammar>


Status: Cyclus run successful!
Output location: small_time_step/run9.sqlite
Simulation ID: 85b6a88e-5220-4b70-96c6-629b803ab9b0
